0 info it worked if it ends with ok
1 verbose cli [ 'C:\\Program Files\\nodejs\\node.exe',
1 verbose cli   'C:\\Program Files\\nodejs\\node_modules\\npm\\bin\\npm-cli.js',
1 verbose cli   'start' ]
2 info using npm@3.10.10
3 info using node@v6.11.2
4 verbose run-script [ 'prestart', 'start', 'poststart' ]
5 info lifecycle AwesomeProject@0.1.0~prestart: AwesomeProject@0.1.0
6 silly lifecycle AwesomeProject@0.1.0~prestart: no script for prestart, continuing
7 info lifecycle AwesomeProject@0.1.0~start: AwesomeProject@0.1.0
8 verbose lifecycle AwesomeProject@0.1.0~start: unsafe-perm in lifecycle true
9 verbose lifecycle AwesomeProject@0.1.0~start: PATH: C:\Program Files\nodejs\node_modules\npm\bin\node-gyp-bin;C:\Users\Rebecca\AwesomeProject\node_modules\.bin;C:\Users\Rebecca\AppData\Roaming\npm;C:\Program Files\nodejs\;C:\ProgramData\Oracle\Java\javapath;C:\Program Files (x86)\Lenovo\FusionEngine;C:\Program Files\Broadcom\Broadcom 802.11 Network Adapter;C:\Program Files (x86)\Intel\iCLS Client\;C:\Program Files\Intel\iCLS Client\;C:\WINDOWS\system32;C:\WINDOWS;C:\WINDOWS\System32\Wbem;C:\WINDOWS\System32\WindowsPowerShell\v1.0\;C:\Program Files\Intel\Intel(R) Management Engine Components\DAL;C:\Program Files (x86)\Intel\Intel(R) Management Engine Components\DAL;C:\Program Files\Intel\Intel(R) Management Engine Components\IPT;C:\Program Files (x86)\Intel\Intel(R) Management Engine Components\IPT;C:\Program Files\Lenovo\Bluetooth Software\;C:\Program Files\Lenovo\Bluetooth Software\syswow64;C:\Program Files (x86)\Lenovo\Motion Control\;C:\Program Files (x86)\Common Files\lenovo\easyplussdk\bin;C:\Program Files\nodejs\;C:\Program Files\Git\cmd\;C:\Program Files\Git\bin\;C:\Users\Rebecca\AppData\Local\Microsoft\WindowsApps;C:\Users\Rebecca\AppData\Roaming\npm;C:\Program Files\Microsoft VS Code\bin
10 verbose lifecycle AwesomeProject@0.1.0~start: CWD: C:\Users\Rebecca\AwesomeProject
11 silly lifecycle AwesomeProject@0.1.0~start: Args: [ '/d /s /c', 'react-native-scripts start' ]
12 silly lifecycle AwesomeProject@0.1.0~start: Returned: code: 3221225786  signal: null
13 info lifecycle AwesomeProject@0.1.0~start: Failed to exec start script
14 verbose stack Error: AwesomeProject@0.1.0 start: `react-native-scripts start`
14 verbose stack Exit status 3221225786
14 verbose stack     at EventEmitter.<anonymous> (C:\Program Files\nodejs\node_modules\npm\lib\utils\lifecycle.js:255:16)
14 verbose stack     at emitTwo (events.js:106:13)
14 verbose stack     at EventEmitter.emit (events.js:191:7)
14 verbose stack     at ChildProcess.<anonymous> (C:\Program Files\nodejs\node_modules\npm\lib\utils\spawn.js:40:14)
14 verbose stack     at emitTwo (events.js:106:13)
14 verbose stack     at ChildProcess.emit (events.js:191:7)
14 verbose stack     at maybeClose (internal/child_process.js:891:16)
14 verbose stack     at Process.ChildProcess._handle.onexit (internal/child_process.js:226:5)
15 verbose pkgid AwesomeProject@0.1.0
16 verbose cwd C:\Users\Rebecca\AwesomeProject
17 error Windows_NT 10.0.14393
18 error argv "C:\\Program Files\\nodejs\\node.exe" "C:\\Program Files\\nodejs\\node_modules\\npm\\bin\\npm-cli.js" "start"
19 error node v6.11.2
20 error npm  v3.10.10
21 error code ELIFECYCLE
22 error AwesomeProject@0.1.0 start: `react-native-scripts start`
22 error Exit status 3221225786
23 error Failed at the AwesomeProject@0.1.0 start script 'react-native-scripts start'.
23 error Make sure you have the latest version of node.js and npm installed.
23 error If you do, this is most likely a problem with the AwesomeProject package,
23 error not with npm itself.
23 error Tell the author that this fails on your system:
23 error     react-native-scripts start
23 error You can get information on how to open an issue for this project with:
23 error     npm bugs AwesomeProject
23 error Or if that isn't available, you can get their info via:
23 error     npm owner ls AwesomeProject
23 error There is likely additional logging output above.
24 verbose exit [ 1, true ]
